# JRE version: OpenJDK Runtime Environment Temurin-21.0.8+9 (21.0.8+9) (build 21.0.8+9-LTS)
# Java VM: OpenJDK 64-Bit Server VM Temurin-21.0.8+9 (21.0.8+9-LTS, mixed mode, sharing, tiered, compressed oops, compressed class ptrs, g1 gc, linux-amd64)
GC Precious Log:
 CardTable entry size: 512
 Card Set container configuration: InlinePtr #cards 5 size 8 Array Of Cards #cards 12 size 40 Howl #buckets 4 coarsen threshold 1843 Howl Bitmap #cards 512 size 80 coarsen threshold 460 Card regions per heap region 1 cards per card region 2048
 CPUs: 128 total, 2 available
 Memory: 7893M
 Large Page Support: Disabled
 NUMA Support: Disabled
 Compressed Oops: Enabled (32-bit)
 Heap Region Size: 1M
 Heap Min Capacity: 8M
 Heap Initial Capacity: 124M
 Heap Max Capacity: 1974M
 Pre-touch: Disabled
 Parallel Workers: 2
 Concurrent Workers: 1
 Concurrent Refinement Workers: 2
 Periodic GC: Disabled
Heap:
 garbage-first heap   total 140288K, used 75754K [0x0000000084a00000, 0x0000000100000000)
  region size 1024K, 17 young (17408K), 1 survivors (1024K)
 Metaspace       used 36222K, committed 36544K, reserved 1114112K
  class space    used 4769K, committed 4928K, reserved 1048576K
GC Heap History (20 events):
Event: 9711.691 GC heap before
{Heap before GC invocations=28 (full 0):
 garbage-first heap   total 139264K, used 125864K [0x0000000084a00000, 0x0000000100000000)
  region size 1024K, 68 young (69632K), 4 survivors (4096K)
 Metaspace       used 35178K, committed 35584K, reserved 1114112K
  class space    used 4565K, committed 4736K, reserved 1048576K
}
Event: 9711.728 GC heap after
{Heap after GC invocations=29 (full 0):
 garbage-first heap   total 139264K, used 60642K [0x0000000084a00000, 0x0000000100000000)
  region size 1024K, 3 young (3072K), 3 survivors (3072K)
 Metaspace       used 35178K, committed 35584K, reserved 1114112K
  class space    used 4565K, committed 4736K, reserved 1048576K
}
Event: 9870.671 GC heap before
{Heap before GC invocations=29 (full 0):
 garbage-first heap   total 139264K, used 127202K [0x0000000084a00000, 0x0000000100000000)
  region size 1024K, 68 young (69632K), 3 survivors (3072K)
 Metaspace       used 35178K, committed 35584K, reserved 1114112K
  class space    used 4565K, committed 4736K, reserved 1048576K
}
Event: 9870.676 GC heap after
{Heap after GC invocations=30 (full 0):
 garbage-first heap   total 139264K, used 60686K [0x0000000084a00000, 0x0000000100000000)
  region size 1024K, 3 young (3072K), 3 survivors (3072K)
 Metaspace       used 35178K, committed 35584K, reserved 1114112K
  class space    used 4565K, committed 4736K, reserved 1048576K
}
Event: 9896.127 GC heap before
{Heap before GC invocations=30 (full 0):
 garbage-first heap   total 139264K, used 73998K [0x0000000084a00000, 0x0000000100000000)
  region size 1024K, 17 young (17408K), 3 survivors (3072K)
 Metaspace       used 35547K, committed 35968K, reserved 1114112K
  class space    used 4633K, committed 4864K, reserved 1048576K
}
Event: 9896.147 GC heap after
{Heap after GC invocations=31 (full 0):
 garbage-first heap   total 139264K, used 60681K [0x0000000084a00000, 0x0000000100000000)
  region size 1024K, 3 young (3072K), 3 survivors (3072K)
 Metaspace       used 35547K, committed 35968K, reserved 1114112K
  class space    used 4633K, committed 4864K, reserved 1048576K
}
Event: 10031.088 GC heap before
{Heap before GC invocations=32 (full 0):
 garbage-first heap   total 139264K, used 133385K [0x0000000084a00000, 0x0000000100000000)
  region size 1024K, 68 young (69632K), 3 survivors (3072K)
 Metaspace       used 36214K, committed 36544K, reserved 1114112K
  class space    used 4768K, committed 4928K, reserved 1048576K
}
Event: 10031.532 GC heap after
{Heap after GC invocations=33 (full 0):
 garbage-first heap   total 140288K, used 66917K [0x0000000084a00000, 0x0000000100000000)
  region size 1024K, 6 young (6144K), 6 survivors (6144K)
 Metaspace       used 36214K, committed 36544K, reserved 1114112K
  class space    used 4768K, committed 4928K, reserved 1048576K
}
Event: 10033.250 GC heap before
{Heap before GC invocations=33 (full 0):
 garbage-first heap   total 140288K, used 67941K [0x0000000084a00000, 0x0000000100000000)
  region size 1024K, 7 young (7168K), 6 survivors (6144K)
 Metaspace       used 36214K, committed 36544K, reserved 1114112K
  class space    used 4768K, committed 4928K, reserved 1048576K
}
Event: 10033.462 GC heap after
{Heap after GC invocations=34 (full 0):
 garbage-first heap   total 140288K, used 66468K [0x0000000084a00000, 0x0000000100000000)
  region size 1024K, 1 young (1024K), 1 survivors (1024K)
 Metaspace       used 36214K, committed 36544K, reserved 1114112K
  class space    used 4768K, committed 4928K, reserved 1048576K
}
Event: 10259.713 GC heap before
{Heap before GC invocations=34 (full 0):
 garbage-first heap   total 140288K, used 129956K [0x0000000084a00000, 0x0000000100000000)
  region size 1024K, 64 young (65536K), 1 survivors (1024K)
 Metaspace       used 36214K, committed 36544K, reserved 1114112K
  class space    used 4768K, committed 4928K, reserved 1048576K
}
Event: 10259.720 GC heap after
{Heap after GC invocations=35 (full 0):
 garbage-first heap   total 140288K, used 65754K [0x0000000084a00000, 0x0000000100000000)
  region size 1024K, 1 young (1024K), 1 survivors (1024K)
 Metaspace       used 36214K, committed 36544K, reserved 1114112K
  class space    used 4768K, committed 4928K, reserved 1048576K
}
Event: 10893.748 GC heap before
{Heap before GC invocations=35 (full 0):
 garbage-first heap   total 140288K, used 130266K [0x0000000084a00000, 0x0000000100000000)
  region size 1024K, 64 young (65536K), 1 survivors (1024K)
 Metaspace       used 36216K, committed 36544K, reserved 1114112K
  class space    used 4768K, committed 4928K, reserved 1048576K
}
Event: 10893.752 GC heap after
{Heap after GC invocations=36 (full 0):
 garbage-first heap   total 140288K, used 65558K [0x0000000084a00000, 0x0000000100000000)
  region size 1024K, 1 young (1024K), 1 survivors (1024K)
 Metaspace       used 36216K, committed 36544K, reserved 1114112K
  class space    used 4768K, committed 4928K, reserved 1048576K
}
Event: 12081.080 GC heap before
{Heap before GC invocations=37 (full 0):
 garbage-first heap   total 140288K, used 125974K [0x0000000084a00000, 0x0000000100000000)
  region size 1024K, 64 young (65536K), 1 survivors (1024K)
 Metaspace       used 36216K, committed 36544K, reserved 1114112K
  class space    used 4768K, committed 4928K, reserved 1048576K
}
Event: 12081.083 GC heap after
{Heap after GC invocations=38 (full 0):
 garbage-first heap   total 140288K, used 61356K [0x0000000084a00000, 0x0000000100000000)
  region size 1024K, 1 young (1024K), 1 survivors (1024K)
 Metaspace       used 36216K, committed 36544K, reserved 1114112K
  class space    used 4768K, committed 4928K, reserved 1048576K
}
Event: 13355.639 GC heap before
{Heap before GC invocations=38 (full 0):
 garbage-first heap   total 140288K, used 129964K [0x0000000084a00000, 0x0000000100000000)
  region size 1024K, 68 young (69632K), 1 survivors (1024K)
 Metaspace       used 36216K, committed 36544K, reserved 1114112K
  class space    used 4768K, committed 4928K, reserved 1048576K
}
Event: 13355.709 GC heap after
{Heap after GC invocations=39 (full 0):
 garbage-first heap   total 140288K, used 60388K [0x0000000084a00000, 0x0000000100000000)
  region size 1024K, 1 young (1024K), 1 survivors (1024K)
 Metaspace       used 36216K, committed 36544K, reserved 1114112K
  class space    used 4768K, committed 4928K, reserved 1048576K
}
Event: 14640.879 GC heap before
{Heap before GC invocations=39 (full 0):
 garbage-first heap   total 140288K, used 130020K [0x0000000084a00000, 0x0000000100000000)
  region size 1024K, 69 young (70656K), 1 survivors (1024K)
 Metaspace       used 36216K, committed 36544K, reserved 1114112K
  class space    used 4768K, committed 4928K, reserved 1048576K
}
Event: 14640.881 GC heap after
{Heap after GC invocations=40 (full 0):
 garbage-first heap   total 140288K, used 60394K [0x0000000084a00000, 0x0000000100000000)
  region size 1024K, 1 young (1024K), 1 survivors (1024K)
 Metaspace       used 36216K, committed 36544K, reserved 1114112K
  class space    used 4768K, committed 4928K, reserved 1048576K
}

